This file contains any messages produced by compilers while
running configure, to aid debugging if configure makes a mistake.

It was created by revpolcalc configure 0.1.0, which was
generated by GNU Autoconf 2.69.  Invocation command line was

  $ ./configure 

## --------- ##
## Platform. ##
## --------- ##

hostname = hera
uname -m = x86_64
uname -r = 4.0.9-gentoo
uname -s = Linux
uname -v = #1 SMP Tue Oct 27 22:14:49 CET 2015

/usr/bin/uname -p = AMD Turion(tm) 64 X2 Mobile Technology TL-58
/bin/uname -X     = unknown

/bin/arch              = unknown
/usr/bin/arch -k       = unknown
/usr/convex/getsysinfo = unknown
/usr/bin/hostinfo      = unknown
/bin/machine           = unknown
/usr/bin/oslevel       = unknown
/bin/universe          = unknown

PATH: /usr/local/bin
PATH: /usr/bin
PATH: /bin
PATH: /opt/bin
PATH: /usr/x86_64-pc-linux-gnu/gcc-bin/4.9.3
PATH: /usr/games/bin


## ----------- ##
## Core tests. ##
## ----------- ##

configure:2076: checking for a BSD-compatible install
configure:2144: result: /usr/bin/install -c
configure:2155: checking whether build environment is sane
configure:2210: result: yes
configure:2361: checking for a thread-safe mkdir -p
configure:2400: result: /bin/mkdir -p
configure:2407: checking for gawk
configure:2423: found /usr/bin/gawk
configure:2434: result: gawk
configure:2445: checking whether make sets $(MAKE)
configure:2467: result: yes
configure:2496: checking whether make supports nested variables
configure:2513: result: yes
configure:2691: checking for gcc
configure:2707: found /usr/bin/gcc
configure:2718: result: gcc
configure:2947: checking for C compiler version
configure:2956: gcc --version >&5
gcc (Gentoo 4.9.3 p1.2, pie-0.6.3) 4.9.3
Copyright (C) 2015 Free Software Foundation, Inc.
This is free software; see the source for copying conditions.  There is NO
warranty; not even for MERCHANTABILITY or FITNESS FOR A PARTICULAR PURPOSE.

configure:2967: $? = 0
configure:2956: gcc -v >&5
Using built-in specs.
COLLECT_GCC=/usr/x86_64-pc-linux-gnu/gcc-bin/4.9.3/gcc
COLLECT_LTO_WRAPPER=/usr/libexec/gcc/x86_64-pc-linux-gnu/4.9.3/lto-wrapper
Target: x86_64-pc-linux-gnu
Configured with: /var/tmp/portage/sys-devel/gcc-4.9.3/work/gcc-4.9.3/configure --host=x86_64-pc-linux-gnu --build=x86_64-pc-linux-gnu --prefix=/usr --bindir=/usr/x86_64-pc-linux-gnu/gcc-bin/4.9.3 --includedir=/usr/lib/gcc/x86_64-pc-linux-gnu/4.9.3/include --datadir=/usr/share/gcc-data/x86_64-pc-linux-gnu/4.9.3 --mandir=/usr/share/gcc-data/x86_64-pc-linux-gnu/4.9.3/man --infodir=/usr/share/gcc-data/x86_64-pc-linux-gnu/4.9.3/info --with-gxx-include-dir=/usr/lib/gcc/x86_64-pc-linux-gnu/4.9.3/include/g++-v4 --with-python-dir=/share/gcc-data/x86_64-pc-linux-gnu/4.9.3/python --enable-languages=c,c++,fortran --enable-obsolete --enable-secureplt --disable-werror --with-system-zlib --enable-nls --without-included-gettext --enable-checking=release --with-bugurl=https://bugs.gentoo.org/ --with-pkgversion='Gentoo 4.9.3 p1.2, pie-0.6.3' --enable-libstdcxx-time --enable-shared --enable-threads=posix --enable-__cxa_atexit --enable-clocale=gnu --enable-multilib --with-multilib-list=m32,m64 --disable-altivec --disable-fixed-point --enable-targets=all --disable-libgcj --enable-libgomp --disable-libmudflap --disable-libssp --disable-libcilkrts --enable-lto --without-cloog --enable-libsanitizer
Thread model: posix
gcc version 4.9.3 (Gentoo 4.9.3 p1.2, pie-0.6.3) 
configure:2967: $? = 0
configure:2956: gcc -V >&5
gcc: error: unrecognized command line option '-V'
gcc: fatal error: no input files
compilation terminated.
configure:2967: $? = 1
configure:2956: gcc -qversion >&5
gcc: error: unrecognized command line option '-qversion'
gcc: fatal error: no input files
compilation terminated.
configure:2967: $? = 1
configure:2987: checking whether the C compiler works
configure:3009: gcc    conftest.c  >&5
configure:3013: $? = 0
configure:3061: result: yes
configure:3064: checking for C compiler default output file name
configure:3066: result: a.out
configure:3072: checking for suffix of executables
configure:3079: gcc -o conftest    conftest.c  >&5
configure:3083: $? = 0
configure:3105: result: 
configure:3127: checking whether we are cross compiling
configure:3135: gcc -o conftest    conftest.c  >&5
configure:3139: $? = 0
configure:3146: ./conftest
configure:3150: $? = 0
configure:3165: result: no
configure:3170: checking for suffix of object files
configure:3192: gcc -c   conftest.c >&5
configure:3196: $? = 0
configure:3217: result: o
configure:3221: checking whether we are using the GNU C compiler
configure:3240: gcc -c   conftest.c >&5
configure:3240: $? = 0
configure:3249: result: yes
configure:3258: checking whether gcc accepts -g
configure:3278: gcc -c -g  conftest.c >&5
configure:3278: $? = 0
configure:3319: result: yes
configure:3336: checking for gcc option to accept ISO C89
configure:3399: gcc  -c -g -O2  conftest.c >&5
configure:3399: $? = 0
configure:3412: result: none needed
configure:3437: checking whether gcc understands -c and -o together
configure:3459: gcc -c conftest.c -o conftest2.o
configure:3462: $? = 0
configure:3459: gcc -c conftest.c -o conftest2.o
configure:3462: $? = 0
configure:3474: result: yes
configure:3502: checking for style of include used by make
configure:3530: result: GNU
configure:3556: checking dependency style of gcc
configure:3667: result: gcc3
configure:3692: checking how to run the C preprocessor
configure:3723: gcc -E  conftest.c
configure:3723: $? = 0
configure:3737: gcc -E  conftest.c
conftest.c:11:28: fatal error: ac_nonexistent.h: No such file or directory
 #include <ac_nonexistent.h>
                            ^
compilation terminated.
configure:3737: $? = 1
configure: failed program was:
| /* confdefs.h */
| #define PACKAGE_NAME "revpolcalc"
| #define PACKAGE_TARNAME "revpolcalc"
| #define PACKAGE_VERSION "0.1.0"
| #define PACKAGE_STRING "revpolcalc 0.1.0"
| #define PACKAGE_BUGREPORT "ebuc99@googlemail.com"
| #define PACKAGE_URL ""
| #define PACKAGE "revpolcalc"
| #define VERSION "0.1.0"
| /* end confdefs.h.  */
| #include <ac_nonexistent.h>
configure:3762: result: gcc -E
configure:3782: gcc -E  conftest.c
configure:3782: $? = 0
configure:3796: gcc -E  conftest.c
conftest.c:11:28: fatal error: ac_nonexistent.h: No such file or directory
 #include <ac_nonexistent.h>
                            ^
compilation terminated.
configure:3796: $? = 1
configure: failed program was:
| /* confdefs.h */
| #define PACKAGE_NAME "revpolcalc"
| #define PACKAGE_TARNAME "revpolcalc"
| #define PACKAGE_VERSION "0.1.0"
| #define PACKAGE_STRING "revpolcalc 0.1.0"
| #define PACKAGE_BUGREPORT "ebuc99@googlemail.com"
| #define PACKAGE_URL ""
| #define PACKAGE "revpolcalc"
| #define VERSION "0.1.0"
| /* end confdefs.h.  */
| #include <ac_nonexistent.h>
configure:3825: checking for grep that handles long lines and -e
configure:3883: result: /bin/grep
configure:3888: checking for egrep
configure:3950: result: /bin/grep -E
configure:3955: checking for ANSI C header files
configure:3975: gcc -c -g -O2  conftest.c >&5
configure:3975: $? = 0
configure:4048: gcc -o conftest -g -O2   conftest.c  >&5
configure:4048: $? = 0
configure:4048: ./conftest
configure:4048: $? = 0
configure:4059: result: yes
configure:4072: checking for sys/types.h
configure:4072: gcc -c -g -O2  conftest.c >&5
configure:4072: $? = 0
configure:4072: result: yes
configure:4072: checking for sys/stat.h
configure:4072: gcc -c -g -O2  conftest.c >&5
configure:4072: $? = 0
configure:4072: result: yes
configure:4072: checking for stdlib.h
configure:4072: gcc -c -g -O2  conftest.c >&5
configure:4072: $? = 0
configure:4072: result: yes
configure:4072: checking for string.h
configure:4072: gcc -c -g -O2  conftest.c >&5
configure:4072: $? = 0
configure:4072: result: yes
configure:4072: checking for memory.h
configure:4072: gcc -c -g -O2  conftest.c >&5
configure:4072: $? = 0
configure:4072: result: yes
configure:4072: checking for strings.h
configure:4072: gcc -c -g -O2  conftest.c >&5
configure:4072: $? = 0
configure:4072: result: yes
configure:4072: checking for inttypes.h
configure:4072: gcc -c -g -O2  conftest.c >&5
configure:4072: $? = 0
configure:4072: result: yes
configure:4072: checking for stdint.h
configure:4072: gcc -c -g -O2  conftest.c >&5
configure:4072: $? = 0
configure:4072: result: yes
configure:4072: checking for unistd.h
configure:4072: gcc -c -g -O2  conftest.c >&5
configure:4072: $? = 0
configure:4072: result: yes
configure:4086: checking for stdlib.h
configure:4086: result: yes
configure:4211: checking that generated files are newer than configure
configure:4217: result: done
configure:4240: creating ./config.status

## ---------------------- ##
## Running config.status. ##
## ---------------------- ##

This file was extended by revpolcalc config.status 0.1.0, which was
generated by GNU Autoconf 2.69.  Invocation command line was

  CONFIG_FILES    = 
  CONFIG_HEADERS  = 
  CONFIG_LINKS    = 
  CONFIG_COMMANDS = 
  $ ./config.status 

on hera

config.status:854: creating Makefile
config.status:854: creating src/Makefile
config.status:854: creating config.h
config.status:1083: executing depfiles commands

## ---------------- ##
## Cache variables. ##
## ---------------- ##

ac_cv_c_compiler_gnu=yes
ac_cv_env_CC_set=
ac_cv_env_CC_value=
ac_cv_env_CFLAGS_set=
ac_cv_env_CFLAGS_value=
ac_cv_env_CPPFLAGS_set=
ac_cv_env_CPPFLAGS_value=
ac_cv_env_CPP_set=
ac_cv_env_CPP_value=
ac_cv_env_LDFLAGS_set=
ac_cv_env_LDFLAGS_value=
ac_cv_env_LIBS_set=
ac_cv_env_LIBS_value=
ac_cv_env_build_alias_set=
ac_cv_env_build_alias_value=
ac_cv_env_host_alias_set=
ac_cv_env_host_alias_value=
ac_cv_env_target_alias_set=
ac_cv_env_target_alias_value=
ac_cv_header_inttypes_h=yes
ac_cv_header_memory_h=yes
ac_cv_header_stdc=yes
ac_cv_header_stdint_h=yes
ac_cv_header_stdlib_h=yes
ac_cv_header_string_h=yes
ac_cv_header_strings_h=yes
ac_cv_header_sys_stat_h=yes
ac_cv_header_sys_types_h=yes
ac_cv_header_unistd_h=yes
ac_cv_objext=o
ac_cv_path_EGREP='/bin/grep -E'
ac_cv_path_GREP=/bin/grep
ac_cv_path_install='/usr/bin/install -c'
ac_cv_path_mkdir=/bin/mkdir
ac_cv_prog_AWK=gawk
ac_cv_prog_CPP='gcc -E'
ac_cv_prog_ac_ct_CC=gcc
ac_cv_prog_cc_c89=
ac_cv_prog_cc_g=yes
ac_cv_prog_make_make_set=yes
am_cv_CC_dependencies_compiler_type=gcc3
am_cv_make_support_nested_variables=yes
am_cv_prog_cc_c_o=yes

## ----------------- ##
## Output variables. ##
## ----------------- ##

ACLOCAL='${SHELL} /home/daniel/Programmierung/c/c_test/revpolcalc/missing aclocal-1.15'
AMDEPBACKSLASH='\'
AMDEP_FALSE='#'
AMDEP_TRUE=''
AMTAR='$${TAR-tar}'
AM_BACKSLASH='\'
AM_DEFAULT_V='$(AM_DEFAULT_VERBOSITY)'
AM_DEFAULT_VERBOSITY='1'
AM_V='$(V)'
AUTOCONF='${SHELL} /home/daniel/Programmierung/c/c_test/revpolcalc/missing autoconf'
AUTOHEADER='${SHELL} /home/daniel/Programmierung/c/c_test/revpolcalc/missing autoheader'
AUTOMAKE='${SHELL} /home/daniel/Programmierung/c/c_test/revpolcalc/missing automake-1.15'
AWK='gawk'
CC='gcc'
CCDEPMODE='depmode=gcc3'
CFLAGS='-g -O2'
CPP='gcc -E'
CPPFLAGS=''
CYGPATH_W='echo'
DEFS='-DHAVE_CONFIG_H'
DEPDIR='.deps'
ECHO_C=''
ECHO_N='-n'
ECHO_T=''
EGREP='/bin/grep -E'
EXEEXT=''
GREP='/bin/grep'
INSTALL_DATA='${INSTALL} -m 644'
INSTALL_PROGRAM='${INSTALL}'
INSTALL_SCRIPT='${INSTALL}'
INSTALL_STRIP_PROGRAM='$(install_sh) -c -s'
LDFLAGS=''
LIBOBJS=''
LIBS=''
LTLIBOBJS=''
MAKEINFO='${SHELL} /home/daniel/Programmierung/c/c_test/revpolcalc/missing makeinfo'
MKDIR_P='/bin/mkdir -p'
OBJEXT='o'
PACKAGE='revpolcalc'
PACKAGE_BUGREPORT='ebuc99@googlemail.com'
PACKAGE_NAME='revpolcalc'
PACKAGE_STRING='revpolcalc 0.1.0'
PACKAGE_TARNAME='revpolcalc'
PACKAGE_URL=''
PACKAGE_VERSION='0.1.0'
PATH_SEPARATOR=':'
SET_MAKE=''
SHELL='/bin/sh'
STRIP=''
VERSION='0.1.0'
ac_ct_CC='gcc'
am__EXEEXT_FALSE=''
am__EXEEXT_TRUE='#'
am__fastdepCC_FALSE='#'
am__fastdepCC_TRUE=''
am__include='include'
am__isrc=''
am__leading_dot='.'
am__nodep='_no'
am__quote=''
am__tar='$${TAR-tar} chof - "$$tardir"'
am__untar='$${TAR-tar} xf -'
bindir='${exec_prefix}/bin'
build_alias=''
datadir='${datarootdir}'
datarootdir='${prefix}/share'
docdir='${datarootdir}/doc/${PACKAGE_TARNAME}'
dvidir='${docdir}'
exec_prefix='${prefix}'
host_alias=''
htmldir='${docdir}'
includedir='${prefix}/include'
infodir='${datarootdir}/info'
install_sh='${SHELL} /home/daniel/Programmierung/c/c_test/revpolcalc/install-sh'
libdir='${exec_prefix}/lib'
libexecdir='${exec_prefix}/libexec'
localedir='${datarootdir}/locale'
localstatedir='${prefix}/var'
mandir='${datarootdir}/man'
mkdir_p='$(MKDIR_P)'
oldincludedir='/usr/include'
pdfdir='${docdir}'
prefix='/usr/local'
program_transform_name='s,x,x,'
psdir='${docdir}'
sbindir='${exec_prefix}/sbin'
sharedstatedir='${prefix}/com'
sysconfdir='${prefix}/etc'
target_alias=''

## ----------- ##
## confdefs.h. ##
## ----------- ##

/* confdefs.h */
#define PACKAGE_NAME "revpolcalc"
#define PACKAGE_TARNAME "revpolcalc"
#define PACKAGE_VERSION "0.1.0"
#define PACKAGE_STRING "revpolcalc 0.1.0"
#define PACKAGE_BUGREPORT "ebuc99@googlemail.com"
#define PACKAGE_URL ""
#define PACKAGE "revpolcalc"
#define VERSION "0.1.0"
#define STDC_HEADERS 1
#define HAVE_SYS_TYPES_H 1
#define HAVE_SYS_STAT_H 1
#define HAVE_STDLIB_H 1
#define HAVE_STRING_H 1
#define HAVE_MEMORY_H 1
#define HAVE_STRINGS_H 1
#define HAVE_INTTYPES_H 1
#define HAVE_STDINT_H 1
#define HAVE_UNISTD_H 1
#define HAVE_STDLIB_H 1

configure: exit 0
